<?xml version="1.0" encoding="UTF-8"?>
<!-- Generated by org.testng.reporters.JUnitReportReporter -->
<testsuite skipped="0" hostname="JAG" name="com.tappsilogintest.LoginTest" tests="7" failures="0" timestamp="10 Dec 2016 18:15:15 GMT" time="489.227" errors="0">
  <testcase name="BlankPasswordLoginTest" time="70.480" classname="com.tappsilogintest.LoginTest"/>
  <testcase name="SuccessfulLogoutTest" time="39.346" classname="com.tappsilogintest.LoginTest"/>
  <testcase name="SuccessfulLoginTest" time="77.442" classname="com.tappsilogintest.LoginTest"/>
  <testcase name="ConfigTest" time="76.436" classname="com.tappsilogintest.LoginTest"/>
  <testcase name="WrongPasswordLoginTest" time="59.992" classname="com.tappsilogintest.LoginTest"/>
  <testcase name="WrongEmailLoginTest" time="99.631" classname="com.tappsilogintest.LoginTest"/>
  <testcase name="BlankEmailLoginTest" time="65.900" classname="com.tappsilogintest.LoginTest"/>
</testsuite> <!-- com.tappsilogintest.LoginTest -->
